Using pre-set license
Built from '2021.3/staging' branch; Version is '2021.3.4f1 (cb45f9cae8b7) revision 13321721'; Using compiler version '192829333'; Build Type 'Release'
OS: 'Windows 10  (10.0.19045) 64bit Professional' Language: 'ru' Physical Memory: 16335 MB
BatchMode: 1, IsHumanControllingUs: 0, StartBugReporterOnCrash: 0, Is64bit: 1, IsPro: 1

COMMAND LINE ARGUMENTS:
D:\Unity\2021.3.4f1\Editor\Unity.exe
-adb2
-batchMode
-noUpm
-name
AssetImportWorker1
-projectPath
C:/Users/ngala/My project (2)
-logFile
Logs/AssetImportWorker1.log
-srvPort
53333
Successfully changed project path to: C:/Users/ngala/My project (2)
C:/Users/ngala/My project (2)
[UnityMemory] Configuration Parameters - Can be set up in boot.config
    "memorysetup-bucket-allocator-granularity=16"
    "memorysetup-bucket-allocator-bucket-count=8"
    "memorysetup-bucket-allocator-block-size=33554432"
    "memorysetup-bucket-allocator-block-count=8"
    "memorysetup-main-allocator-block-size=16777216"
    "memorysetup-thread-allocator-block-size=16777216"
    "memorysetup-gfx-main-allocator-block-size=16777216"
    "memorysetup-gfx-thread-allocator-block-size=16777216"
    "memorysetup-cache-allocator-block-size=4194304"
    "memorysetup-typetree-allocator-block-size=2097152"
    "memorysetup-profiler-bucket-allocator-granularity=16"
    "memorysetup-profiler-bucket-allocator-bucket-count=8"
    "memorysetup-profiler-bucket-allocator-block-size=33554432"
    "memorysetup-profiler-bucket-allocator-block-count=8"
    "memorysetup-profiler-allocator-block-size=16777216"
    "memorysetup-profiler-editor-allocator-block-size=1048576"
    "memorysetup-temp-allocator-size-main=16777216"
    "memorysetup-job-temp-allocator-block-size=2097152"
    "memorysetup-job-temp-allocator-block-size-background=1048576"
    "memorysetup-job-temp-allocator-reduction-small-platforms=262144"
    "memorysetup-temp-allocator-size-background-worker=32768"
    "memorysetup-temp-allocator-size-job-worker=262144"
    "memorysetup-temp-allocator-size-preload-manager=33554432"
    "memorysetup-temp-allocator-size-nav-mesh-worker=65536"
    "memorysetup-temp-allocator-size-audio-worker=65536"
    "memorysetup-temp-allocator-size-cloud-worker=32768"
    "memorysetup-temp-allocator-size-gi-baking-worker=262144"
    "memorysetup-temp-allocator-size-gfx=262144"
Refreshing native plugins compatible for Editor in 134.16 ms, found 4 plugins.
Preloading 0 native plugins for Editor in 0.00 ms.
Initialize engine version: 2021.3.4f1 (cb45f9cae8b7)
[Subsystems] Discovering subsystems at path D:/Unity/2021.3.4f1/Editor/Data/Resources/UnitySubsystems
[Subsystems] Discovering subsystems at path C:/Users/ngala/My project (2)/Assets
GfxDevice: creating device client; threaded=0; jobified=0
Direct3D:
    Version:  Direct3D 11.0 [level 11.1]
    Renderer: NVIDIA GeForce GTX 1660 SUPER (ID=0x21c4)
    Vendor:   NVIDIA
    VRAM:     5966 MB
    Driver:   32.0.15.6094
Initialize mono
Mono path[0] = 'D:/Unity/2021.3.4f1/Editor/Data/Managed'
Mono path[1] = 'D:/Unity/2021.3.4f1/Editor/Data/MonoBleedingEdge/lib/mono/unityjit-win32'
Mono config path = 'D:/Unity/2021.3.4f1/Editor/Data/MonoBleedingEdge/etc'
Using monoOptions --debugger-agent=transport=dt_socket,embedding=1,server=y,suspend=n,address=127.0.0.1:56952
Begin MonoManager ReloadAssembly
Registering precompiled unity dll's ...
Register platform support module: D:/Unity/2021.3.4f1/Editor/Data/PlaybackEngines/WebGLSupport/UnityEditor.WebGL.Extensions.dll
Register platform support module: D:/Unity/2021.3.4f1/Editor/Data/PlaybackEngines/AndroidPlayer/UnityEditor.Android.Extensions.dll
Register platform support module: D:/Unity/2021.3.4f1/Editor/Data/PlaybackEngines/WindowsStandaloneSupport/UnityEditor.WindowsStandalone.Extensions.dll
Registered in 0.004064 seconds.
Native extension for WindowsStandalone target not found
Native extension for Android target not found
Native extension for WebGL target not found
Refreshing native plugins compatible for Editor in 122.07 ms, found 4 plugins.
Preloading 0 native plugins for Editor in 0.00 ms.
Mono: successfully reloaded assembly
- Completed reload, in  0.847 seconds
Domain Reload Profiling:
	ReloadAssembly (848ms)
		BeginReloadAssembly (82ms)
			ExecutionOrderSort (0ms)
			DisableScriptedObjects (0ms)
			BackupInstance (0ms)
			ReleaseScriptingObjects (0ms)
			CreateAndSetChildDomain (1ms)
		EndReloadAssembly (635ms)
			LoadAssemblies (82ms)
			RebuildTransferFunctionScriptingTraits (0ms)
			SetupTypeCache (143ms)
			ReleaseScriptCaches (0ms)
			RebuildScriptCaches (33ms)
			SetupLoadedEditorAssemblies (397ms)
				LogAssemblyErrors (0ms)
				InitializePlatformSupportModulesInManaged (76ms)
				SetLoadedEditorAssemblies (0ms)
				RefreshPlugins (122ms)
				BeforeProcessingInitializeOnLoad (1ms)
				ProcessInitializeOnLoadAttributes (132ms)
				ProcessInitializeOnLoadMethodAttributes (65ms)
				AfterProcessingInitializeOnLoad (0ms)
				EditorAssembliesLoaded (0ms)
			ExecutionOrderSort2 (0ms)
			AwakeInstancesAfterBackupRestoration (0ms)
Platform modules already initialized, skipping
Registering precompiled user dll's ...
Registered in 0.012330 seconds.
Begin MonoManager ReloadAssembly
Symbol file LoadedFromMemory doesn't match image C:\Users\ngala\My project (2)\Library\PackageCache\com.unity.visualscripting@1.7.8\Editor\VisualScripting.Core\Dependencies\YamlDotNet\Unity.VisualScripting.YamlDotNet.dll
Symbol file LoadedFromMemory doesn't match image C:\Users\ngala\My project (2)\Library\PackageCache\com.unity.visualscripting@1.7.8\Editor\VisualScripting.Core\Dependencies\DotNetZip\Unity.VisualScripting.IonicZip.dll
Native extension for WindowsStandalone target not found
Native extension for Android target not found
Native extension for WebGL target not found
Refreshing native plugins compatible for Editor in 127.90 ms, found 4 plugins.
Preloading 0 native plugins for Editor in 0.00 ms.
Mono: successfully reloaded assembly
- Completed reload, in  1.505 seconds
Domain Reload Profiling:
	ReloadAssembly (1506ms)
		BeginReloadAssembly (237ms)
			ExecutionOrderSort (0ms)
			DisableScriptedObjects (8ms)
			BackupInstance (0ms)
			ReleaseScriptingObjects (0ms)
			CreateAndSetChildDomain (135ms)
		EndReloadAssembly (1137ms)
			LoadAssemblies (102ms)
			RebuildTransferFunctionScriptingTraits (0ms)
			SetupTypeCache (281ms)
			ReleaseScriptCaches (1ms)
			RebuildScriptCaches (70ms)
			SetupLoadedEditorAssemblies (619ms)
				LogAssemblyErrors (0ms)
				InitializePlatformSupportModulesInManaged (14ms)
				SetLoadedEditorAssemblies (0ms)
				RefreshPlugins (128ms)
				BeforeProcessingInitializeOnLoad (142ms)
				ProcessInitializeOnLoadAttributes (280ms)
				ProcessInitializeOnLoadMethodAttributes (50ms)
				AfterProcessingInitializeOnLoad (4ms)
				EditorAssembliesLoaded (0ms)
			ExecutionOrderSort2 (0ms)
			AwakeInstancesAfterBackupRestoration (7ms)
Platform modules already initialized, skipping
========================================================================
Worker process is ready to serve import requests
Launched and connected shader compiler UnityShaderCompiler.exe after 0.06 seconds
Refreshing native plugins compatible for Editor in 0.91 ms, found 4 plugins.
Preloading 0 native plugins for Editor in 0.00 ms.
Unloading 4060 Unused Serialized files (Serialized files now loaded: 0)
Unloading 44 unused Assets / (222.3 KB). Loaded Objects now: 4512.
Memory consumption went from 151.0 MB to 150.8 MB.
Total: 4.006900 ms (FindLiveObjects: 0.377800 ms CreateObjectMapping: 0.107300 ms MarkObjects: 3.318900 ms  DeleteObjects: 0.201200 ms)

AssetImportParameters requested are different than current active one (requested -> active):
  custom:video-decoder-ogg-theora: a1e56fd34408186e4bbccfd4996cb3dc -> 
  custom:container-muxer-webm: aa71ff27fc2769a1b78a27578f13a17b -> 
  custom:container-demuxer-webm: 4f35f7cbe854078d1ac9338744f61a02 -> 
  custom:video-encoder-webm-vp8: eb34c28f22e8b96e1ab97ce403110664 -> 
  custom:audio-encoder-webm-vorbis: bf7c407c2cedff20999df2af8eb42d56 -> 
  custom:framework-win-MediaFoundation: 216162199b28c13a410421893ffa2e32 -> 
  custom:container-demuxer-ogg: 62fdf1f143b41e24485cea50d1cbac27 -> 
  custom:video-decoder-webm-vp8: 9c59270c3fd7afecdb556c50c9e8de78 -> 
  custom:audio-decoder-ogg-vorbis: bf7c407c2cedff20999df2af8eb42d56 -> 
========================================================================
Received Prepare
Registering precompiled user dll's ...
Registered in 0.010246 seconds.
Begin MonoManager ReloadAssembly
Symbol file LoadedFromMemory doesn't match image C:\Users\ngala\My project (2)\Library\PackageCache\com.unity.visualscripting@1.7.8\Editor\VisualScripting.Core\Dependencies\YamlDotNet\Unity.VisualScripting.YamlDotNet.dll
Symbol file LoadedFromMemory doesn't match image C:\Users\ngala\My project (2)\Library\PackageCache\com.unity.visualscripting@1.7.8\Editor\VisualScripting.Core\Dependencies\DotNetZip\Unity.VisualScripting.IonicZip.dll
Native extension for WindowsStandalone target not found
Native extension for Android target not found
Native extension for WebGL target not found
Refreshing native plugins compatible for Editor in 0.79 ms, found 4 plugins.
Preloading 0 native plugins for Editor in 0.00 ms.
Mono: successfully reloaded assembly
- Completed reload, in  1.136 seconds
Domain Reload Profiling:
	ReloadAssembly (1137ms)
		BeginReloadAssembly (150ms)
			ExecutionOrderSort (0ms)
			DisableScriptedObjects (9ms)
			BackupInstance (0ms)
			ReleaseScriptingObjects (0ms)
			CreateAndSetChildDomain (44ms)
		EndReloadAssembly (880ms)
			LoadAssemblies (105ms)
			RebuildTransferFunctionScriptingTraits (0ms)
			SetupTypeCache (265ms)
			ReleaseScriptCaches (2ms)
			RebuildScriptCaches (52ms)
			SetupLoadedEditorAssemblies (395ms)
				LogAssemblyErrors (0ms)
				InitializePlatformSupportModulesInManaged (23ms)
				SetLoadedEditorAssemblies (1ms)
				RefreshPlugins (1ms)
				BeforeProcessingInitializeOnLoad (89ms)
				ProcessInitializeOnLoadAttributes (234ms)
				ProcessInitializeOnLoadMethodAttributes (43ms)
				AfterProcessingInitializeOnLoad (4ms)
				EditorAssembliesLoaded (0ms)
			ExecutionOrderSort2 (0ms)
			AwakeInstancesAfterBackupRestoration (9ms)
Platform modules already initialized, skipping
Refreshing native plugins compatible for Editor in 3.06 ms, found 4 plugins.
Preloading 0 native plugins for Editor in 0.00 ms.
Unloading 4056 Unused Serialized files (Serialized files now loaded: 0)
Unloading 31 unused Assets / (189.8 KB). Loaded Objects now: 4516.
Memory consumption went from 151.0 MB to 150.8 MB.
Total: 5.027000 ms (FindLiveObjects: 0.368800 ms CreateObjectMapping: 0.098700 ms MarkObjects: 4.380000 ms  DeleteObjects: 0.178300 ms)

AssetImportParameters requested are different than current active one (requested -> active):
  custom:video-decoder-ogg-theora: a1e56fd34408186e4bbccfd4996cb3dc -> 
  custom:container-muxer-webm: aa71ff27fc2769a1b78a27578f13a17b -> 
  custom:container-demuxer-webm: 4f35f7cbe854078d1ac9338744f61a02 -> 
  custom:video-encoder-webm-vp8: eb34c28f22e8b96e1ab97ce403110664 -> 
  custom:audio-encoder-webm-vorbis: bf7c407c2cedff20999df2af8eb42d56 -> 
  custom:framework-win-MediaFoundation: 216162199b28c13a410421893ffa2e32 -> 
  custom:container-demuxer-ogg: 62fdf1f143b41e24485cea50d1cbac27 -> 
  custom:video-decoder-webm-vp8: 9c59270c3fd7afecdb556c50c9e8de78 -> 
  custom:audio-decoder-ogg-vorbis: bf7c407c2cedff20999df2af8eb42d56 -> 
========================================================================
Received Prepare
Registering precompiled user dll's ...
Registered in 0.010243 seconds.
Begin MonoManager ReloadAssembly
Symbol file LoadedFromMemory doesn't match image C:\Users\ngala\My project (2)\Library\PackageCache\com.unity.visualscripting@1.7.8\Editor\VisualScripting.Core\Dependencies\YamlDotNet\Unity.VisualScripting.YamlDotNet.dll
Symbol file LoadedFromMemory doesn't match image C:\Users\ngala\My project (2)\Library\PackageCache\com.unity.visualscripting@1.7.8\Editor\VisualScripting.Core\Dependencies\DotNetZip\Unity.VisualScripting.IonicZip.dll
Native extension for WindowsStandalone target not found
Native extension for Android target not found
Native extension for WebGL target not found
Refreshing native plugins compatible for Editor in 0.84 ms, found 4 plugins.
Preloading 0 native plugins for Editor in 0.00 ms.
Mono: successfully reloaded assembly
- Completed reload, in  1.087 seconds
Domain Reload Profiling:
	ReloadAssembly (1088ms)
		BeginReloadAssembly (138ms)
			ExecutionOrderSort (0ms)
			DisableScriptedObjects (8ms)
			BackupInstance (0ms)
			ReleaseScriptingObjects (0ms)
			CreateAndSetChildDomain (39ms)
		EndReloadAssembly (843ms)
			LoadAssemblies (97ms)
			RebuildTransferFunctionScriptingTraits (0ms)
			SetupTypeCache (266ms)
			ReleaseScriptCaches (1ms)
			RebuildScriptCaches (49ms)
			SetupLoadedEditorAssemblies (373ms)
				LogAssemblyErrors (0ms)
				InitializePlatformSupportModulesInManaged (23ms)
				SetLoadedEditorAssemblies (1ms)
				RefreshPlugins (1ms)
				BeforeProcessingInitializeOnLoad (82ms)
				ProcessInitializeOnLoadAttributes (220ms)
				ProcessInitializeOnLoadMethodAttributes (44ms)
				AfterProcessingInitializeOnLoad (3ms)
				EditorAssembliesLoaded (0ms)
			ExecutionOrderSort2 (0ms)
			AwakeInstancesAfterBackupRestoration (9ms)
Platform modules already initialized, skipping
Refreshing native plugins compatible for Editor in 2.97 ms, found 4 plugins.
Preloading 0 native plugins for Editor in 0.00 ms.
Unloading 4058 Unused Serialized files (Serialized files now loaded: 0)
Unloading 31 unused Assets / (189.7 KB). Loaded Objects now: 4521.
Memory consumption went from 151.1 MB to 150.9 MB.
Total: 3.698200 ms (FindLiveObjects: 0.380400 ms CreateObjectMapping: 0.106100 ms MarkObjects: 3.059600 ms  DeleteObjects: 0.150900 ms)

AssetImportParameters requested are different than current active one (requested -> active):
  custom:video-decoder-ogg-theora: a1e56fd34408186e4bbccfd4996cb3dc -> 
  custom:container-muxer-webm: aa71ff27fc2769a1b78a27578f13a17b -> 
  custom:container-demuxer-webm: 4f35f7cbe854078d1ac9338744f61a02 -> 
  custom:video-encoder-webm-vp8: eb34c28f22e8b96e1ab97ce403110664 -> 
  custom:audio-encoder-webm-vorbis: bf7c407c2cedff20999df2af8eb42d56 -> 
  custom:framework-win-MediaFoundation: 216162199b28c13a410421893ffa2e32 -> 
  custom:container-demuxer-ogg: 62fdf1f143b41e24485cea50d1cbac27 -> 
  custom:video-decoder-webm-vp8: 9c59270c3fd7afecdb556c50c9e8de78 -> 
  custom:audio-decoder-ogg-vorbis: bf7c407c2cedff20999df2af8eb42d56 -> 
========================================================================
Received Prepare
Registering precompiled user dll's ...
Registered in 0.011398 seconds.
Begin MonoManager ReloadAssembly
Symbol file LoadedFromMemory doesn't match image C:\Users\ngala\My project (2)\Library\PackageCache\com.unity.visualscripting@1.7.8\Editor\VisualScripting.Core\Dependencies\YamlDotNet\Unity.VisualScripting.YamlDotNet.dll
Symbol file LoadedFromMemory doesn't match image C:\Users\ngala\My project (2)\Library\PackageCache\com.unity.visualscripting@1.7.8\Editor\VisualScripting.Core\Dependencies\DotNetZip\Unity.VisualScripting.IonicZip.dll
Native extension for WindowsStandalone target not found
Native extension for Android target not found
Native extension for WebGL target not found
Refreshing native plugins compatible for Editor in 0.88 ms, found 4 plugins.
Preloading 0 native plugins for Editor in 0.00 ms.
Mono: successfully reloaded assembly
- Completed reload, in  1.127 seconds
Domain Reload Profiling:
	ReloadAssembly (1128ms)
		BeginReloadAssembly (133ms)
			ExecutionOrderSort (0ms)
			DisableScriptedObjects (8ms)
			BackupInstance (0ms)
			ReleaseScriptingObjects (0ms)
			CreateAndSetChildDomain (38ms)
		EndReloadAssembly (889ms)
			LoadAssemblies (94ms)
			RebuildTransferFunctionScriptingTraits (0ms)
			SetupTypeCache (259ms)
			ReleaseScriptCaches (2ms)
			RebuildScriptCaches (54ms)
			SetupLoadedEditorAssemblies (416ms)
				LogAssemblyErrors (0ms)
				InitializePlatformSupportModulesInManaged (23ms)
				SetLoadedEditorAssemblies (1ms)
				RefreshPlugins (1ms)
				BeforeProcessingInitializeOnLoad (112ms)
				ProcessInitializeOnLoadAttributes (233ms)
				ProcessInitializeOnLoadMethodAttributes (42ms)
				AfterProcessingInitializeOnLoad (4ms)
				EditorAssembliesLoaded (0ms)
			ExecutionOrderSort2 (0ms)
			AwakeInstancesAfterBackupRestoration (12ms)
Platform modules already initialized, skipping
Refreshing native plugins compatible for Editor in 3.17 ms, found 4 plugins.
Preloading 0 native plugins for Editor in 0.00 ms.
Unloading 4058 Unused Serialized files (Serialized files now loaded: 0)
Unloading 31 unused Assets / (189.9 KB). Loaded Objects now: 4524.
Memory consumption went from 151.1 MB to 150.9 MB.
Total: 3.629600 ms (FindLiveObjects: 0.309900 ms CreateObjectMapping: 0.093900 ms MarkObjects: 3.072200 ms  DeleteObjects: 0.152200 ms)

AssetImportParameters requested are different than current active one (requested -> active):
  custom:video-decoder-ogg-theora: a1e56fd34408186e4bbccfd4996cb3dc -> 
  custom:container-muxer-webm: aa71ff27fc2769a1b78a27578f13a17b -> 
  custom:container-demuxer-webm: 4f35f7cbe854078d1ac9338744f61a02 -> 
  custom:video-encoder-webm-vp8: eb34c28f22e8b96e1ab97ce403110664 -> 
  custom:audio-encoder-webm-vorbis: bf7c407c2cedff20999df2af8eb42d56 -> 
  custom:framework-win-MediaFoundation: 216162199b28c13a410421893ffa2e32 -> 
  custom:container-demuxer-ogg: 62fdf1f143b41e24485cea50d1cbac27 -> 
  custom:video-decoder-webm-vp8: 9c59270c3fd7afecdb556c50c9e8de78 -> 
  custom:audio-decoder-ogg-vorbis: bf7c407c2cedff20999df2af8eb42d56 -> 
========================================================================
Received Import Request.
  Time since last request: 574178.766844 seconds.
  path: Assets/Prefabs/RoomDU 2.prefab
  artifactKey: Guid(909c8e86b3e210442b251ae44fb3038e) Importer(815301076,1909f56bfc062723c751e8b465ee728b)
Start importing Assets/Prefabs/RoomDU 2.prefab using Guid(909c8e86b3e210442b251ae44fb3038e) Importer(815301076,1909f56bfc062723c751e8b465ee728b)  -> (artifact id: '0a8c235baa304957b59315557f03cceb') in 0.075673 seconds 
========================================================================
Received Import Request.
  Time since last request: 0.000038 seconds.
  path: Assets/Prefabs/RoomLR.prefab
  artifactKey: Guid(bd678ea6677bcc64383e9b28a5656d49) Importer(815301076,1909f56bfc062723c751e8b465ee728b)
Start importing Assets/Prefabs/RoomLR.prefab using Guid(bd678ea6677bcc64383e9b28a5656d49) Importer(815301076,1909f56bfc062723c751e8b465ee728b)  -> (artifact id: '58753a330670653c1f0d501cfb4d2119') in 0.026277 seconds 
========================================================================
Received Import Request.
  Time since last request: 0.000041 seconds.
  path: Assets/Prefabs/RoomDU.prefab
  artifactKey: Guid(da9dd951ddc633a4981ec4d4bce8dc36) Importer(815301076,1909f56bfc062723c751e8b465ee728b)
Start importing Assets/Prefabs/RoomDU.prefab using Guid(da9dd951ddc633a4981ec4d4bce8dc36) Importer(815301076,1909f56bfc062723c751e8b465ee728b)  -> (artifact id: '004f1afcc3644bc1c6c1f689f1596d0e') in 0.020514 seconds 
========================================================================
Received Import Request.
  Time since last request: 0.000054 seconds.
  path: Assets/Prefabs/RoomLRDU.prefab
  artifactKey: Guid(92fd7c71df359c84dadab3311093f6db) Importer(815301076,1909f56bfc062723c751e8b465ee728b)
Start importing Assets/Prefabs/RoomLRDU.prefab using Guid(92fd7c71df359c84dadab3311093f6db) Importer(815301076,1909f56bfc062723c751e8b465ee728b)  -> (artifact id: 'ce871b8db1e3b2c0f1a6f8aa7699dae8') in 0.021568 seconds 
========================================================================
Received Import Request.
  Time since last request: 0.000036 seconds.
  path: Assets/Prefabs/RoomLRU 1 1.prefab
  artifactKey: Guid(682397e131e321f4b953ba66740914ae) Importer(815301076,1909f56bfc062723c751e8b465ee728b)
Start importing Assets/Prefabs/RoomLRU 1 1.prefab using Guid(682397e131e321f4b953ba66740914ae) Importer(815301076,1909f56bfc062723c751e8b465ee728b)  -> (artifact id: '67a2ca8eecb6f201dc8cfe11e874b8d1') in 0.019425 seconds 
========================================================================
Received Import Request.
  Time since last request: 0.000032 seconds.
  path: Assets/Prefabs/RoomLR 1 1.prefab
  artifactKey: Guid(434b849ecb79b764d8b72674ac7999c0) Importer(815301076,1909f56bfc062723c751e8b465ee728b)
Start importing Assets/Prefabs/RoomLR 1 1.prefab using Guid(434b849ecb79b764d8b72674ac7999c0) Importer(815301076,1909f56bfc062723c751e8b465ee728b)  -> (artifact id: 'f01173f803d5f8a67020030b9cd4161a') in 0.020695 seconds 
========================================================================
Received Import Request.
  Time since last request: 0.000027 seconds.
  path: Assets/Prefabs/RoomLR 1.prefab
  artifactKey: Guid(b8178307e3623b8448da4bff866e8a74) Importer(815301076,1909f56bfc062723c751e8b465ee728b)
Start importing Assets/Prefabs/RoomLR 1.prefab using Guid(b8178307e3623b8448da4bff866e8a74) Importer(815301076,1909f56bfc062723c751e8b465ee728b)  -> (artifact id: '60c9d0461fa3f895e7d80d4c57d0eed0') in 0.018752 seconds 
========================================================================
Received Import Request.
  Time since last request: 0.000031 seconds.
  path: Assets/Prefabs/RoomLRDU 1 1.prefab
  artifactKey: Guid(31d47e20036652747901eec5d3cda558) Importer(815301076,1909f56bfc062723c751e8b465ee728b)
Start importing Assets/Prefabs/RoomLRDU 1 1.prefab using Guid(31d47e20036652747901eec5d3cda558) Importer(815301076,1909f56bfc062723c751e8b465ee728b)  -> (artifact id: '2bf07b9031dac0ac314621f8d18e55a7') in 0.019094 seconds 
========================================================================
Received Import Request.
  Time since last request: 0.000032 seconds.
  path: Assets/Prefabs/RoomLR 2 1.prefab
  artifactKey: Guid(954d858eb4bae4a49bece9526cc19c71) Importer(815301076,1909f56bfc062723c751e8b465ee728b)
Start importing Assets/Prefabs/RoomLR 2 1.prefab using Guid(954d858eb4bae4a49bece9526cc19c71) Importer(815301076,1909f56bfc062723c751e8b465ee728b)  -> (artifact id: 'da56789b753647072755dc2346327bf7') in 0.018233 seconds 
========================================================================
Received Import Request.
  Time since last request: 0.000031 seconds.
  path: Assets/Prefabs/RoomLRD.prefab
  artifactKey: Guid(e4b3b55246e5ca640add03cf3cbb8077) Importer(815301076,1909f56bfc062723c751e8b465ee728b)
Start importing Assets/Prefabs/RoomLRD.prefab using Guid(e4b3b55246e5ca640add03cf3cbb8077) Importer(815301076,1909f56bfc062723c751e8b465ee728b)  -> (artifact id: '3d4288c645c38982701dfe2f6a897516') in 0.018691 seconds 
========================================================================
Received Import Request.
  Time since last request: 0.000036 seconds.
  path: Assets/Prefabs/RoomLRD 2.prefab
  artifactKey: Guid(5d9735af06d8dea48b6247ba8dd49735) Importer(815301076,1909f56bfc062723c751e8b465ee728b)
Start importing Assets/Prefabs/RoomLRD 2.prefab using Guid(5d9735af06d8dea48b6247ba8dd49735) Importer(815301076,1909f56bfc062723c751e8b465ee728b)  -> (artifact id: 'd5f1087e4bcc6a22e7429cb1556061cf') in 0.018971 seconds 
========================================================================
Received Import Request.
  Time since last request: 11.970199 seconds.
  path: Assets/Prefabs/RoomDU 3.prefab
  artifactKey: Guid(66ee6dd441fc2bf4ba0265b0f1065a3b) Importer(815301076,1909f56bfc062723c751e8b465ee728b)
Start importing Assets/Prefabs/RoomDU 3.prefab using Guid(66ee6dd441fc2bf4ba0265b0f1065a3b) Importer(815301076,1909f56bfc062723c751e8b465ee728b)  -> (artifact id: 'a4ffb3bc9aa870d4ca975556202dac59') in 0.016286 seconds 
========================================================================
Received Import Request.
  Time since last request: 0.000035 seconds.
  path: Assets/Prefabs/RoomLR.prefab
  artifactKey: Guid(bd678ea6677bcc64383e9b28a5656d49) Importer(815301076,1909f56bfc062723c751e8b465ee728b)
Start importing Assets/Prefabs/RoomLR.prefab using Guid(bd678ea6677bcc64383e9b28a5656d49) Importer(815301076,1909f56bfc062723c751e8b465ee728b)  -> (artifact id: '58ba2e9e4719df742811aa5a65c8e5b9') in 0.011648 seconds 
========================================================================
Received Import Request.
  Time since last request: 0.000040 seconds.
  path: Assets/Prefabs/RoomDU.prefab
  artifactKey: Guid(da9dd951ddc633a4981ec4d4bce8dc36) Importer(815301076,1909f56bfc062723c751e8b465ee728b)
Start importing Assets/Prefabs/RoomDU.prefab using Guid(da9dd951ddc633a4981ec4d4bce8dc36) Importer(815301076,1909f56bfc062723c751e8b465ee728b)  -> (artifact id: '60bb57a44fd45c0a2162d335f6d86ac8') in 0.012864 seconds 
========================================================================
Received Import Request.
  Time since last request: 0.000034 seconds.
  path: Assets/Prefabs/RoomLRDU.prefab
  artifactKey: Guid(92fd7c71df359c84dadab3311093f6db) Importer(815301076,1909f56bfc062723c751e8b465ee728b)
Start importing Assets/Prefabs/RoomLRDU.prefab using Guid(92fd7c71df359c84dadab3311093f6db) Importer(815301076,1909f56bfc062723c751e8b465ee728b)  -> (artifact id: '92799cec4d91f1508747e9732f47181b') in 0.014204 seconds 
========================================================================
Received Import Request.
  Time since last request: 0.000052 seconds.
  path: Assets/Prefabs/RoomLRU 2.prefab
  artifactKey: Guid(a19c7f61ad8eec34ea149b7b0dcf51ac) Importer(815301076,1909f56bfc062723c751e8b465ee728b)
Start importing Assets/Prefabs/RoomLRU 2.prefab using Guid(a19c7f61ad8eec34ea149b7b0dcf51ac) Importer(815301076,1909f56bfc062723c751e8b465ee728b)  -> (artifact id: 'dd809ee2c9ede32952711c4458ae1f06') in 0.012760 seconds 
========================================================================
Received Import Request.
  Time since last request: 0.000035 seconds.
  path: Assets/Prefabs/RoomLR 1 1.prefab
  artifactKey: Guid(434b849ecb79b764d8b72674ac7999c0) Importer(815301076,1909f56bfc062723c751e8b465ee728b)
Start importing Assets/Prefabs/RoomLR 1 1.prefab using Guid(434b849ecb79b764d8b72674ac7999c0) Importer(815301076,1909f56bfc062723c751e8b465ee728b)  -> (artifact id: '7b4e45185f7c55faf92671c35a756d6b') in 0.013378 seconds 
========================================================================
Received Import Request.
  Time since last request: 0.000031 seconds.
  path: Assets/Prefabs/RoomLRDU 2.prefab
  artifactKey: Guid(caa6db5cd7811d54da2bd1fcd95f4b84) Importer(815301076,1909f56bfc062723c751e8b465ee728b)
Start importing Assets/Prefabs/RoomLRDU 2.prefab using Guid(caa6db5cd7811d54da2bd1fcd95f4b84) Importer(815301076,1909f56bfc062723c751e8b465ee728b)  -> (artifact id: '26221cc2f5995999f7e54829b5dfdcaa') in 0.013958 seconds 
========================================================================
Received Import Request.
  Time since last request: 0.000033 seconds.
  path: Assets/Prefabs/RoomLRD.prefab
  artifactKey: Guid(e4b3b55246e5ca640add03cf3cbb8077) Importer(815301076,1909f56bfc062723c751e8b465ee728b)
Start importing Assets/Prefabs/RoomLRD.prefab using Guid(e4b3b55246e5ca640add03cf3cbb8077) Importer(815301076,1909f56bfc062723c751e8b465ee728b)  -> (artifact id: 'bbaed361e023cad92eb5daaae33e28ba') in 0.012648 seconds 
========================================================================
Received Import Request.
  Time since last request: 0.000030 seconds.
  path: Assets/Prefabs/RoomLRD 2.prefab
  artifactKey: Guid(5d9735af06d8dea48b6247ba8dd49735) Importer(815301076,1909f56bfc062723c751e8b465ee728b)
Start importing Assets/Prefabs/RoomLRD 2.prefab using Guid(5d9735af06d8dea48b6247ba8dd49735) Importer(815301076,1909f56bfc062723c751e8b465ee728b)  -> (artifact id: '27ccf6cca822dd9c806b43449e1aca8e') in 0.010193 seconds 
========================================================================
Received Import Request.
  Time since last request: 46.216301 seconds.
  path: Assets/Prefabs/RoomDU 3.prefab
  artifactKey: Guid(66ee6dd441fc2bf4ba0265b0f1065a3b) Importer(815301076,1909f56bfc062723c751e8b465ee728b)
Start importing Assets/Prefabs/RoomDU 3.prefab using Guid(66ee6dd441fc2bf4ba0265b0f1065a3b) Importer(815301076,1909f56bfc062723c751e8b465ee728b)  -> (artifact id: '8149857ea270dfc26f5db8a0c6e260e2') in 0.017320 seconds 
========================================================================
Received Import Request.
  Time since last request: 0.000043 seconds.
  path: Assets/Prefabs/RoomLRU 1.prefab
  artifactKey: Guid(9401f8cebe8ef2e4195bba210036116a) Importer(815301076,1909f56bfc062723c751e8b465ee728b)
Start importing Assets/Prefabs/RoomLRU 1.prefab using Guid(9401f8cebe8ef2e4195bba210036116a) Importer(815301076,1909f56bfc062723c751e8b465ee728b)  -> (artifact id: '6efb2b485ace57d9be06f2ab0cecfa78') in 0.014663 seconds 
========================================================================
Received Import Request.
  Time since last request: 0.000036 seconds.
  path: Assets/Prefabs/RoomDU.prefab
  artifactKey: Guid(da9dd951ddc633a4981ec4d4bce8dc36) Importer(815301076,1909f56bfc062723c751e8b465ee728b)
Start importing Assets/Prefabs/RoomDU.prefab using Guid(da9dd951ddc633a4981ec4d4bce8dc36) Importer(815301076,1909f56bfc062723c751e8b465ee728b)  -> (artifact id: '8fcc7144e87c86719317598efee00cdc') in 0.013490 seconds 
========================================================================
Received Import Request.
  Time since last request: 0.000036 seconds.
  path: Assets/Prefabs/RoomLR 2.prefab
  artifactKey: Guid(6c1923c5997492042bbef70d0c700925) Importer(815301076,1909f56bfc062723c751e8b465ee728b)
Start importing Assets/Prefabs/RoomLR 2.prefab using Guid(6c1923c5997492042bbef70d0c700925) Importer(815301076,1909f56bfc062723c751e8b465ee728b)  -> (artifact id: '5caf9fcc3a302fe309ee99b883de4391') in 0.012507 seconds 
========================================================================
Received Import Request.
  Time since last request: 0.000057 seconds.
  path: Assets/Prefabs/RoomLR 1 1.prefab
  artifactKey: Guid(434b849ecb79b764d8b72674ac7999c0) Importer(815301076,1909f56bfc062723c751e8b465ee728b)
Start importing Assets/Prefabs/RoomLR 1 1.prefab using Guid(434b849ecb79b764d8b72674ac7999c0) Importer(815301076,1909f56bfc062723c751e8b465ee728b)  -> (artifact id: '0d9d5072bb5ffff3f69f2b3653ce8ce6') in 0.013718 seconds 
========================================================================
Received Import Request.
  Time since last request: 0.000027 seconds.
  path: Assets/Prefabs/RoomLRDU 1 1.prefab
  artifactKey: Guid(31d47e20036652747901eec5d3cda558) Importer(815301076,1909f56bfc062723c751e8b465ee728b)
Start importing Assets/Prefabs/RoomLRDU 1 1.prefab using Guid(31d47e20036652747901eec5d3cda558) Importer(815301076,1909f56bfc062723c751e8b465ee728b)  -> (artifact id: '873a414bbf24c7025654c26794bc5296') in 0.013481 seconds 
========================================================================
Received Import Request.
  Time since last request: 0.000045 seconds.
  path: Assets/Prefabs/RoomLRU.prefab
  artifactKey: Guid(097c1219c27361d449fe449991992d77) Importer(815301076,1909f56bfc062723c751e8b465ee728b)
Start importing Assets/Prefabs/RoomLRU.prefab using Guid(097c1219c27361d449fe449991992d77) Importer(815301076,1909f56bfc062723c751e8b465ee728b)  -> (artifact id: 'cdccbdddd237bd2458fe6520c0e72c88') in 0.013400 seconds 
========================================================================
Received Import Request.
  Time since last request: 0.000034 seconds.
  path: Assets/Prefabs/RoomLRD 2.prefab
  artifactKey: Guid(5d9735af06d8dea48b6247ba8dd49735) Importer(815301076,1909f56bfc062723c751e8b465ee728b)
Start importing Assets/Prefabs/RoomLRD 2.prefab using Guid(5d9735af06d8dea48b6247ba8dd49735) Importer(815301076,1909f56bfc062723c751e8b465ee728b)  -> (artifact id: '6589f38d25e43af0871027fac0bc1f5c') in 0.011481 seconds 
========================================================================
Received Import Request.
  Time since last request: 13.801994 seconds.
  path: Assets/Prefabs/RoomDU 3.prefab
  artifactKey: Guid(66ee6dd441fc2bf4ba0265b0f1065a3b) Importer(815301076,1909f56bfc062723c751e8b465ee728b)
Start importing Assets/Prefabs/RoomDU 3.prefab using Guid(66ee6dd441fc2bf4ba0265b0f1065a3b) Importer(815301076,1909f56bfc062723c751e8b465ee728b)  -> (artifact id: '335a879296c7602b11196856f5fa8394') in 0.012955 seconds 
========================================================================
Received Import Request.
  Time since last request: 0.000038 seconds.
  path: Assets/Prefabs/RoomLR 3.prefab
  artifactKey: Guid(821210b2fc59ab6439702593d2eed3a1) Importer(815301076,1909f56bfc062723c751e8b465ee728b)
Start importing Assets/Prefabs/RoomLR 3.prefab using Guid(821210b2fc59ab6439702593d2eed3a1) Importer(815301076,1909f56bfc062723c751e8b465ee728b)  -> (artifact id: 'a50efeb40172f0630208335ab2bbfb00') in 0.015585 seconds 
========================================================================
Received Import Request.
  Time since last request: 0.000029 seconds.
  path: Assets/Prefabs/RoomDU 4.prefab
  artifactKey: Guid(3842ac14d08ecf24abfb0e92fed44d28) Importer(815301076,1909f56bfc062723c751e8b465ee728b)
Start importing Assets/Prefabs/RoomDU 4.prefab using Guid(3842ac14d08ecf24abfb0e92fed44d28) Importer(815301076,1909f56bfc062723c751e8b465ee728b)  -> (artifact id: '7c166c8c8bfde422f18e95ac04155aec') in 0.014172 seconds 
========================================================================
Received Import Request.
  Time since last request: 0.000034 seconds.
  path: Assets/Prefabs/RoomLRU 1 1.prefab
  artifactKey: Guid(682397e131e321f4b953ba66740914ae) Importer(815301076,1909f56bfc062723c751e8b465ee728b)
Start importing Assets/Prefabs/RoomLRU 1 1.prefab using Guid(682397e131e321f4b953ba66740914ae) Importer(815301076,1909f56bfc062723c751e8b465ee728b)  -> (artifact id: '54288f653df411606568fd3570ab14da') in 0.013655 seconds 
========================================================================
Received Import Request.
  Time since last request: 0.000032 seconds.
  path: Assets/Prefabs/RoomLRD 1.prefab
  artifactKey: Guid(176a5a3fce13bbe46ad5c70250310e6c) Importer(815301076,1909f56bfc062723c751e8b465ee728b)
Start importing Assets/Prefabs/RoomLRD 1.prefab using Guid(176a5a3fce13bbe46ad5c70250310e6c) Importer(815301076,1909f56bfc062723c751e8b465ee728b)  -> (artifact id: '5e03a7dcc726eeb070feee05d052c3b9') in 0.012353 seconds 
========================================================================
Received Import Request.
  Time since last request: 0.000027 seconds.
  path: Assets/Prefabs/RoomLRDU 1 1.prefab
  artifactKey: Guid(31d47e20036652747901eec5d3cda558) Importer(815301076,1909f56bfc062723c751e8b465ee728b)
Start importing Assets/Prefabs/RoomLRDU 1 1.prefab using Guid(31d47e20036652747901eec5d3cda558) Importer(815301076,1909f56bfc062723c751e8b465ee728b)  -> (artifact id: '113be23db5aab71aba538c1bd46496cc') in 0.013131 seconds 
========================================================================
Received Import Request.
  Time since last request: 0.000044 seconds.
  path: Assets/Prefabs/RoomLRU.prefab
  artifactKey: Guid(097c1219c27361d449fe449991992d77) Importer(815301076,1909f56bfc062723c751e8b465ee728b)
Start importing Assets/Prefabs/RoomLRU.prefab using Guid(097c1219c27361d449fe449991992d77) Importer(815301076,1909f56bfc062723c751e8b465ee728b)  -> (artifact id: '3ebb10610776f729c3cae517cd61062e') in 0.012659 seconds 
========================================================================
Received Import Request.
  Time since last request: 0.000040 seconds.
  path: Assets/Prefabs/RoomLRD 2.prefab
  artifactKey: Guid(5d9735af06d8dea48b6247ba8dd49735) Importer(815301076,1909f56bfc062723c751e8b465ee728b)
Start importing Assets/Prefabs/RoomLRD 2.prefab using Guid(5d9735af06d8dea48b6247ba8dd49735) Importer(815301076,1909f56bfc062723c751e8b465ee728b)  -> (artifact id: 'aa18de03aa3b50cc619c627b604df95a') in 0.011224 seconds 
========================================================================
Received Import Request.
  Time since last request: 7.937623 seconds.
  path: Assets/Prefabs/RoomDU 3.prefab
  artifactKey: Guid(66ee6dd441fc2bf4ba0265b0f1065a3b) Importer(815301076,1909f56bfc062723c751e8b465ee728b)
Start importing Assets/Prefabs/RoomDU 3.prefab using Guid(66ee6dd441fc2bf4ba0265b0f1065a3b) Importer(815301076,1909f56bfc062723c751e8b465ee728b)  -> (artifact id: '05bdc12e7a29b9e00a7fe68e4e28d728') in 0.012095 seconds 
========================================================================
Received Import Request.
  Time since last request: 0.000030 seconds.
  path: Assets/Prefabs/RoomLR.prefab
  artifactKey: Guid(bd678ea6677bcc64383e9b28a5656d49) Importer(815301076,1909f56bfc062723c751e8b465ee728b)
Start importing Assets/Prefabs/RoomLR.prefab using Guid(bd678ea6677bcc64383e9b28a5656d49) Importer(815301076,1909f56bfc062723c751e8b465ee728b)  -> (artifact id: '59be0d43a1ffdaf11da79c9659a0bc7a') in 0.011170 seconds 
========================================================================
Received Import Request.
  Time since last request: 0.000039 seconds.
  path: Assets/Prefabs/RoomDU.prefab
  artifactKey: Guid(da9dd951ddc633a4981ec4d4bce8dc36) Importer(815301076,1909f56bfc062723c751e8b465ee728b)
Start importing Assets/Prefabs/RoomDU.prefab using Guid(da9dd951ddc633a4981ec4d4bce8dc36) Importer(815301076,1909f56bfc062723c751e8b465ee728b)  -> (artifact id: '5fa3d7155c4c5c2f0269ddf75c59df36') in 0.015060 seconds 
========================================================================
Received Import Request.
  Time since last request: 0.000042 seconds.
  path: Assets/Prefabs/RoomLR 2.prefab
  artifactKey: Guid(6c1923c5997492042bbef70d0c700925) Importer(815301076,1909f56bfc062723c751e8b465ee728b)
Start importing Assets/Prefabs/RoomLR 2.prefab using Guid(6c1923c5997492042bbef70d0c700925) Importer(815301076,1909f56bfc062723c751e8b465ee728b)  -> (artifact id: 'c920a04cecce4e9790cb78ca12fe518b') in 0.013273 seconds 
========================================================================
Received Import Request.
  Time since last request: 0.000057 seconds.
  path: Assets/Prefabs/RoomLR 1 1.prefab
  artifactKey: Guid(434b849ecb79b764d8b72674ac7999c0) Importer(815301076,1909f56bfc062723c751e8b465ee728b)
Start importing Assets/Prefabs/RoomLR 1 1.prefab using Guid(434b849ecb79b764d8b72674ac7999c0) Importer(815301076,1909f56bfc062723c751e8b465ee728b)  -> (artifact id: 'cc785ecc7511631898a42ebed23b81e2') in 0.015020 seconds 
========================================================================
Received Import Request.
  Time since last request: 0.000026 seconds.
  path: Assets/Prefabs/RoomLRDU 1 1.prefab
  artifactKey: Guid(31d47e20036652747901eec5d3cda558) Importer(815301076,1909f56bfc062723c751e8b465ee728b)
Start importing Assets/Prefabs/RoomLRDU 1 1.prefab using Guid(31d47e20036652747901eec5d3cda558) Importer(815301076,1909f56bfc062723c751e8b465ee728b)  -> (artifact id: '4db604caab70fc1087e7c344f93c0a9a') in 0.011774 seconds 
========================================================================
Received Import Request.
  Time since last request: 0.000036 seconds.
  path: Assets/Prefabs/RoomLRU.prefab
  artifactKey: Guid(097c1219c27361d449fe449991992d77) Importer(815301076,1909f56bfc062723c751e8b465ee728b)
Start importing Assets/Prefabs/RoomLRU.prefab using Guid(097c1219c27361d449fe449991992d77) Importer(815301076,1909f56bfc062723c751e8b465ee728b)  -> (artifact id: '21fdc31265f68f7cfc41f14318d60b1f') in 0.015413 seconds 
========================================================================
Received Import Request.
  Time since last request: 7.582519 seconds.
  path: Assets/Prefabs/RoomDU 3.prefab
  artifactKey: Guid(66ee6dd441fc2bf4ba0265b0f1065a3b) Importer(815301076,1909f56bfc062723c751e8b465ee728b)
Start importing Assets/Prefabs/RoomDU 3.prefab using Guid(66ee6dd441fc2bf4ba0265b0f1065a3b) Importer(815301076,1909f56bfc062723c751e8b465ee728b)  -> (artifact id: 'fa0d34714b100c840f3fbe416f032416') in 0.016370 seconds 
========================================================================
Received Import Request.
  Time since last request: 0.000033 seconds.
  path: Assets/Prefabs/RoomLRU 1.prefab
  artifactKey: Guid(9401f8cebe8ef2e4195bba210036116a) Importer(815301076,1909f56bfc062723c751e8b465ee728b)
Start importing Assets/Prefabs/RoomLRU 1.prefab using Guid(9401f8cebe8ef2e4195bba210036116a) Importer(815301076,1909f56bfc062723c751e8b465ee728b)  -> (artifact id: '1b71d25d29ae445888d1080d52c8cc08') in 0.013363 seconds 
========================================================================
Received Import Request.
  Time since last request: 0.000049 seconds.
  path: Assets/Prefabs/RoomDU.prefab
  artifactKey: Guid(da9dd951ddc633a4981ec4d4bce8dc36) Importer(815301076,1909f56bfc062723c751e8b465ee728b)
Start importing Assets/Prefabs/RoomDU.prefab using Guid(da9dd951ddc633a4981ec4d4bce8dc36) Importer(815301076,1909f56bfc062723c751e8b465ee728b)  -> (artifact id: '4b974a8a1058ae12b078f63ce78f0fec') in 0.015449 seconds 
========================================================================
Received Import Request.
  Time since last request: 0.000029 seconds.
  path: Assets/Prefabs/RoomLRU 1 1.prefab
  artifactKey: Guid(682397e131e321f4b953ba66740914ae) Importer(815301076,1909f56bfc062723c751e8b465ee728b)
Start importing Assets/Prefabs/RoomLRU 1 1.prefab using Guid(682397e131e321f4b953ba66740914ae) Importer(815301076,1909f56bfc062723c751e8b465ee728b)  -> (artifact id: 'c6d7f37da9a55e3e716b237e0c3d1413') in 0.014382 seconds 
========================================================================
Received Import Request.
  Time since last request: 0.000020 seconds.
  path: Assets/Prefabs/RoomLR 1.prefab
  artifactKey: Guid(b8178307e3623b8448da4bff866e8a74) Importer(815301076,1909f56bfc062723c751e8b465ee728b)
Start importing Assets/Prefabs/RoomLR 1.prefab using Guid(b8178307e3623b8448da4bff866e8a74) Importer(815301076,1909f56bfc062723c751e8b465ee728b)  -> (artifact id: '1f901abb18301d4e5ac2c612e84c2355') in 0.012812 seconds 
========================================================================
Received Import Request.
  Time since last request: 0.000040 seconds.
  path: Assets/Prefabs/RoomLRDU 2.prefab
  artifactKey: Guid(caa6db5cd7811d54da2bd1fcd95f4b84) Importer(815301076,1909f56bfc062723c751e8b465ee728b)
Start importing Assets/Prefabs/RoomLRDU 2.prefab using Guid(caa6db5cd7811d54da2bd1fcd95f4b84) Importer(815301076,1909f56bfc062723c751e8b465ee728b)  -> (artifact id: '6c6fff1446233e2f878fcba7bdc1d1d6') in 0.015203 seconds 
========================================================================
Received Import Request.
  Time since last request: 0.000049 seconds.
  path: Assets/Prefabs/RoomLRDU 1.prefab
  artifactKey: Guid(104696640e740e94389d22d5f69d36ee) Importer(815301076,1909f56bfc062723c751e8b465ee728b)
Start importing Assets/Prefabs/RoomLRDU 1.prefab using Guid(104696640e740e94389d22d5f69d36ee) Importer(815301076,1909f56bfc062723c751e8b465ee728b)  -> (artifact id: 'd3437def614ffade18dfcdaffa38920c') in 0.014139 seconds 
Editor requested this worker to shutdown with reason: Scaling down because of idle timeout
AssetImportWorker is now disconnected from the server
Process exiting
Exiting without the bug reporter. Application will terminate with return code 0